<?xml version="1.0" encoding="UTF-8"?>
<!-- Generated by org.testng.reporters.JUnitReportReporter -->
<testsuite hostname="LAPTOP-4ALPQ2N4" name="com.ds.APITestingFramework.testcases.DeleteCustomerTest" tests="6" failures="0" timestamp="19 Mar 2021 18:04:37 GMT" time="30.545" errors="0">
  <testcase name="ValidateDeleteCustomerAPIWithValidID" time="5.077" classname="com.ds.APITestingFramework.testcases.DeleteCustomerTest"/>
  <testcase name="ValidateDeleteCustomerAPIWithValidID" time="5.095" classname="com.ds.APITestingFramework.testcases.DeleteCustomerTest"/>
  <testcase name="ValidateDeleteCustomerAPIWithValidID" time="5.090" classname="com.ds.APITestingFramework.testcases.DeleteCustomerTest"/>
  <testcase name="ValidateDeleteCustomerAPIWithValidID" time="5.101" classname="com.ds.APITestingFramework.testcases.DeleteCustomerTest"/>
  <testcase name="ValidateDeleteCustomerAPIWithValidID" time="5.099" classname="com.ds.APITestingFramework.testcases.DeleteCustomerTest"/>
  <testcase name="ValidateDeleteCustomerAPIWithValidID" time="5.083" classname="com.ds.APITestingFramework.testcases.DeleteCustomerTest"/>
</testsuite> <!-- com.ds.APITestingFramework.testcases.DeleteCustomerTest -->
